[debug] [2026-04-08T06:13:04.379Z] ----------------------------------------------------------------------
[debug] [2026-04-08T06:13:04.381Z] Command:       /opt/homebrew/Cellar/node/25.8.1_1/bin/node /opt/homebrew/bin/firebase deploy --only functions
[debug] [2026-04-08T06:13:04.381Z] CLI Version:   15.11.0
[debug] [2026-04-08T06:13:04.381Z] Platform:      darwin
[debug] [2026-04-08T06:13:04.381Z] Node Version:  v25.8.1
[debug] [2026-04-08T06:13:04.381Z] Time:          Wed Apr 08 2026 08:13:04 GMT+0200 (Central European Summer Time)
[debug] [2026-04-08T06:13:04.381Z] ----------------------------------------------------------------------
[debug] 
[debug] [2026-04-08T06:13:04.659Z] > command requires scopes: ["email","openid","https://www.googleapis.com/auth/cloudplatformprojects.readonly","https://www.googleapis.com/auth/firebase","https://www.googleapis.com/auth/cloud-platform"]
[debug] [2026-04-08T06:13:04.659Z] > authorizing via signed-in user (mjwhelton@gmail.com)
[debug] [2026-04-08T06:13:04.660Z] [iam] checking project my-timeline-36b06 for permissions ["cloudfunctions.functions.create","cloudfunctions.functions.delete","cloudfunctions.functions.get","cloudfunctions.functions.list","cloudfunctions.functions.update","cloudfunctions.operations.get","firebase.projects.get"]
[debug] [2026-04-08T06:13:04.660Z] Checked if tokens are valid: true, expires at: 1775631994773
[debug] [2026-04-08T06:13:04.660Z] Checked if tokens are valid: true, expires at: 1775631994773
[debug] [2026-04-08T06:13:04.660Z] >>> [apiv2][query] POST https://cloudresourcemanager.googleapis.com/v1/projects/my-timeline-36b06:testIamPermissions [none]
[debug] [2026-04-08T06:13:04.660Z] >>> [apiv2][(partial)header] POST https://cloudresourcemanager.googleapis.com/v1/projects/my-timeline-36b06:testIamPermissions  x-goog-user-project=my-timeline-36b06
[debug] [2026-04-08T06:13:04.660Z] >>> [apiv2][body] POST https://cloudresourcemanager.googleapis.com/v1/projects/my-timeline-36b06:testIamPermissions {"permissions":["cloudfunctions.functions.create","cloudfunctions.functions.delete","cloudfunctions.functions.get","cloudfunctions.functions.list","cloudfunctions.functions.update","cloudfunctions.operations.get","firebase.projects.get"]}
[debug] [2026-04-08T06:13:05.351Z] <<< [apiv2][status] POST https://cloudresourcemanager.googleapis.com/v1/projects/my-timeline-36b06:testIamPermissions 200
[debug] [2026-04-08T06:13:05.351Z] <<< [apiv2][body] POST https://cloudresourcemanager.googleapis.com/v1/projects/my-timeline-36b06:testIamPermissions {"permissions":["cloudfunctions.functions.create","cloudfunctions.functions.delete","cloudfunctions.functions.get","cloudfunctions.functions.list","cloudfunctions.functions.update","cloudfunctions.operations.get","firebase.projects.get"]}
[debug] [2026-04-08T06:13:05.351Z] Checked if tokens are valid: true, expires at: 1775631994773
[debug] [2026-04-08T06:13:05.351Z] Checked if tokens are valid: true, expires at: 1775631994773
[debug] [2026-04-08T06:13:05.351Z] >>> [apiv2][query] POST https://iam.googleapis.com/v1/projects/my-timeline-36b06/serviceAccounts/my-timeline-36b06@appspot.gserviceaccount.com:testIamPermissions [none]
[debug] [2026-04-08T06:13:05.351Z] >>> [apiv2][body] POST https://iam.googleapis.com/v1/projects/my-timeline-36b06/serviceAccounts/my-timeline-36b06@appspot.gserviceaccount.com:testIamPermissions {"permissions":["iam.serviceAccounts.actAs"]}
[debug] [2026-04-08T06:13:06.067Z] <<< [apiv2][status] POST https://iam.googleapis.com/v1/projects/my-timeline-36b06/serviceAccounts/my-timeline-36b06@appspot.gserviceaccount.com:testIamPermissions 200
[debug] [2026-04-08T06:13:06.068Z] <<< [apiv2][body] POST https://iam.googleapis.com/v1/projects/my-timeline-36b06/serviceAccounts/my-timeline-36b06@appspot.gserviceaccount.com:testIamPermissions {"permissions":["iam.serviceAccounts.actAs"]}
[info] 
[info] === Deploying to 'my-timeline-36b06'...
[info] 
[info] i  deploying functions 
[info] Running command: npm --prefix "$RESOURCE_DIR" run build
[info] ✔  functions: Finished running predeploy script. 
[debug] [2026-04-08T06:13:06.797Z] Checked if tokens are valid: true, expires at: 1775631994773
[debug] [2026-04-08T06:13:06.797Z] Checked if tokens are valid: true, expires at: 1775631994773
[debug] [2026-04-08T06:13:06.797Z] >>> [apiv2][query] GET https://cloudresourcemanager.googleapis.com/v1/projects/my-timeline-36b06 [none]
[debug] [2026-04-08T06:13:07.143Z] <<< [apiv2][status] GET https://cloudresourcemanager.googleapis.com/v1/projects/my-timeline-36b06 200
[debug] [2026-04-08T06:13:07.143Z] <<< [apiv2][body] GET https://cloudresourcemanager.googleapis.com/v1/projects/my-timeline-36b06 {"projectNumber":"848077509515","projectId":"my-timeline-36b06","lifecycleState":"ACTIVE","name":"my-timeline","labels":{"firebase":"enabled","firebase-core":"disabled"},"createTime":"2026-04-04T06:54:40.365Z"}
[info] i  functions: preparing codebase default for deployment 
[info] i  functions: ensuring required API cloudfunctions.googleapis.com is enabled... 
[info] i  functions: ensuring required API cloudbuild.googleapis.com is enabled... 
[info] i  artifactregistry: ensuring required API artifactregistry.googleapis.com is enabled... 
[debug] [2026-04-08T06:13:07.147Z] Checked if tokens are valid: true, expires at: 1775631994773
[debug] [2026-04-08T06:13:07.147Z] Checked if tokens are valid: true, expires at: 1775631994773
[debug] [2026-04-08T06:13:07.147Z] >>> [apiv2][query] GET https://firebase.googleapis.com/v1beta1/projects/my-timeline-36b06/adminSdkConfig [none]
[debug] [2026-04-08T06:13:07.422Z] <<< [apiv2][status] GET https://firebase.googleapis.com/v1beta1/projects/my-timeline-36b06/adminSdkConfig 200
[debug] [2026-04-08T06:13:07.422Z] <<< [apiv2][body] GET https://firebase.googleapis.com/v1beta1/projects/my-timeline-36b06/adminSdkConfig {"projectId":"my-timeline-36b06","storageBucket":"my-timeline-36b06.firebasestorage.app"}
[debug] [2026-04-08T06:13:07.423Z] Checked if tokens are valid: true, expires at: 1775631994773
[debug] [2026-04-08T06:13:07.423Z] Checked if tokens are valid: true, expires at: 1775631994773
[debug] [2026-04-08T06:13:07.423Z] >>> [apiv2][query] GET https://runtimeconfig.googleapis.com/v1beta1/projects/my-timeline-36b06/configs [none]
[debug] [2026-04-08T06:13:07.677Z] <<< [apiv2][status] GET https://runtimeconfig.googleapis.com/v1beta1/projects/my-timeline-36b06/configs 200
[debug] [2026-04-08T06:13:07.677Z] <<< [apiv2][body] GET https://runtimeconfig.googleapis.com/v1beta1/projects/my-timeline-36b06/configs {}
[debug] [2026-04-08T06:13:07.679Z] Validating nodejs source
[warn] ⚠  functions: Runtime Node.js 20 will be deprecated on 2026-04-30 and will be decommissioned on 2026-10-30, after which you will not be able to deploy without upgrading. Consider upgrading now to avoid disruption. See https://cloud.google.com/functions/docs/runtime-support for full details on the lifecycle policy 
[warn] ⚠  functions: package.json indicates an outdated version of firebase-functions. Please upgrade using npm install --save firebase-functions@latest in your functions directory. 
[warn] ⚠  functions: Please note that there will be breaking changes when you upgrade. 
[debug] [2026-04-08T06:13:08.200Z] > [functions] package.json contents: {
  "name": "functions",
  "version": "1.0.0",
  "description": "Firebase Functions for my-timeline-expo",
  "main": "lib/functions/src/index.js",
  "scripts": {
    "build": "tsc",
    "serve": "npm run build && firebase emulators:start --only functions",
    "shell": "npm run build && firebase functions:shell",
    "start": "npm run shell",
    "deploy": "firebase deploy --only functions",
    "logs": "firebase functions:log"
  },
  "engines": {
    "node": "20"
  },
  "dependencies": {
    "firebase-admin": "^12.0.0",
    "firebase-functions": "^4.5.0"
  },
  "devDependencies": {
    "@types/node": "^20.10.0",
    "typescript": "^5.3.0"
  },
  "private": true
}
[debug] [2026-04-08T06:13:08.200Z] Building nodejs source
[info] i  functions: Loading and analyzing source code for codebase default to determine what to deploy 
[info] i  functions: You are using a version of firebase-functions SDK (4.9.0) that does not have support for the newest Firebase Extensions features. Please update firebase-functions SDK to >=5.1.0 to use them correctly 
[debug] [2026-04-08T06:13:08.200Z] Could not find functions.yaml. Must use http discovery
[debug] [2026-04-08T06:13:08.204Z] Found firebase-functions binary at '/Users/mark/code/my-timeline-expo/functions/node_modules/.bin/firebase-functions'
[info] Serving at port 8667

[debug] [2026-04-08T06:13:08.422Z] Got response from /__/functions.yaml {"endpoints":{"createUser":{"platform":"gcfv1","labels":{},"availableMemoryMb":null,"timeoutSeconds":null,"minInstances":null,"maxInstances":null,"ingressSettings":null,"serviceAccountEmail":null,"vpc":null,"callableTrigger":{},"entryPoint":"createUser"}},"specVersion":"v1alpha1","requiredAPIs":[]}
[info] i  functions: preparing functions directory for uploading... 
[info] i  functions: packaged /Users/mark/code/my-timeline-expo/functions (37.48 KB) for uploading 
[debug] [2026-04-08T06:13:12.455Z] Checked if tokens are valid: true, expires at: 1775631994773
[debug] [2026-04-08T06:13:12.455Z] Checked if tokens are valid: true, expires at: 1775631994773
[debug] [2026-04-08T06:13:12.455Z] >>> [apiv2][query] GET https://cloudfunctions.googleapis.com/v1/projects/my-timeline-36b06/locations/-/functions [none]
[debug] [2026-04-08T06:13:13.072Z] <<< [apiv2][status] GET https://cloudfunctions.googleapis.com/v1/projects/my-timeline-36b06/locations/-/functions 200
[debug] [2026-04-08T06:13:13.072Z] <<< [apiv2][body] GET https://cloudfunctions.googleapis.com/v1/projects/my-timeline-36b06/locations/-/functions {}
[debug] [2026-04-08T06:13:13.072Z] Checked if tokens are valid: true, expires at: 1775631994773
[debug] [2026-04-08T06:13:13.072Z] Checked if tokens are valid: true, expires at: 1775631994773
[debug] [2026-04-08T06:13:13.073Z] >>> [apiv2][query] GET https://cloudfunctions.googleapis.com/v2/projects/my-timeline-36b06/locations/-/functions filter=environment%3D%22GEN_2%22
[debug] [2026-04-08T06:13:14.054Z] <<< [apiv2][status] GET https://cloudfunctions.googleapis.com/v2/projects/my-timeline-36b06/locations/-/functions 200
[debug] [2026-04-08T06:13:14.054Z] <<< [apiv2][body] GET https://cloudfunctions.googleapis.com/v2/projects/my-timeline-36b06/locations/-/functions {}
[debug] [2026-04-08T06:13:14.056Z] Checked if tokens are valid: true, expires at: 1775631994773
[debug] [2026-04-08T06:13:14.056Z] Checked if tokens are valid: true, expires at: 1775631994773
[debug] [2026-04-08T06:13:14.056Z] >>> [apiv2][query] GET https://cloudresourcemanager.googleapis.com/v1/projects/my-timeline-36b06 [none]
[debug] [2026-04-08T06:13:14.274Z] <<< [apiv2][status] GET https://cloudresourcemanager.googleapis.com/v1/projects/my-timeline-36b06 200
[debug] [2026-04-08T06:13:14.275Z] <<< [apiv2][body] GET https://cloudresourcemanager.googleapis.com/v1/projects/my-timeline-36b06 {"projectNumber":"848077509515","projectId":"my-timeline-36b06","lifecycleState":"ACTIVE","name":"my-timeline","labels":{"firebase":"enabled","firebase-core":"disabled"},"createTime":"2026-04-04T06:54:40.365Z"}
[debug] [2026-04-08T06:13:14.276Z] Checked if tokens are valid: true, expires at: 1775631994773
[debug] [2026-04-08T06:13:14.276Z] Checked if tokens are valid: true, expires at: 1775631994773
[debug] [2026-04-08T06:13:14.276Z] >>> [apiv2][query] POST https://cloudfunctions.googleapis.com/v1/projects/my-timeline-36b06/locations/us-central1/functions:generateUploadUrl [none]
[debug] [2026-04-08T06:13:14.276Z] >>> [apiv2][body] POST https://cloudfunctions.googleapis.com/v1/projects/my-timeline-36b06/locations/us-central1/functions:generateUploadUrl {}
[debug] [2026-04-08T06:13:14.874Z] <<< [apiv2][status] POST https://cloudfunctions.googleapis.com/v1/projects/my-timeline-36b06/locations/us-central1/functions:generateUploadUrl 200
[debug] [2026-04-08T06:13:14.874Z] <<< [apiv2][body] POST https://cloudfunctions.googleapis.com/v1/projects/my-timeline-36b06/locations/us-central1/functions:generateUploadUrl {"uploadUrl":"https://storage.googleapis.com/uploads-50017752491.us-central1.cloudfunctions.appspot.com/0224e52c-efc9-4908-8b6b-e6d1b880f108.zip?GoogleAccessId=service-848077509515@gcf-admin-robot.iam.gserviceaccount.com&Expires=1775630594&Signature=HcQ%2FSeoNgVfdQrhhWhCOBejjAycRvCWBJbfZTe4CRKdeidaFdjL%2FgIqg%2BxudFknjSA4HJ7MS7Kjv5TXQusRTe1XVcEJ1%2Bif4fLpq8vA1LUg3OesLSgMZ1wfTVBgTX5Pg63lEX6Gum2XzKbr4TfKITNe5KrmgxyP3nvFwGjzQ%2FrNXoOkflMRPpPlGahbtKiyIxGdbBkgLMRafZ4IMOjczEoKgNmjdYO0GFIW%2FLGtsWcPzxb9w19yLfhOYoz0YFROVVAXu2rsfHJ8FXy5dmoGdvapzRGdoUZ2Xg7ytXA1FXoPeA9x5HjDpTyjtCAV%2FPKdaCn1k334GErN4Tcrft2akWw%3D%3D"}
[debug] [2026-04-08T06:13:14.875Z] >>> [apiv2][query] PUT https://storage.googleapis.com/uploads-50017752491.us-central1.cloudfunctions.appspot.com/0224e52c-efc9-4908-8b6b-e6d1b880f108.zip GoogleAccessId=service-848077509515%40gcf-admin-robot.iam.gserviceaccount.com&Expires=1775630594&Signature=HcQ%2FSeoNgVfdQrhhWhCOBejjAycRvCWBJbfZTe4CRKdeidaFdjL%2FgIqg%2BxudFknjSA4HJ7MS7Kjv5TXQusRTe1XVcEJ1%2Bif4fLpq8vA1LUg3OesLSgMZ1wfTVBgTX5Pg63lEX6Gum2XzKbr4TfKITNe5KrmgxyP3nvFwGjzQ%2FrNXoOkflMRPpPlGahbtKiyIxGdbBkgLMRafZ4IMOjczEoKgNmjdYO0GFIW%2FLGtsWcPzxb9w19yLfhOYoz0YFROVVAXu2rsfHJ8FXy5dmoGdvapzRGdoUZ2Xg7ytXA1FXoPeA9x5HjDpTyjtCAV%2FPKdaCn1k334GErN4Tcrft2akWw%3D%3D
[debug] [2026-04-08T06:13:14.875Z] >>> [apiv2][body] PUT https://storage.googleapis.com/uploads-50017752491.us-central1.cloudfunctions.appspot.com/0224e52c-efc9-4908-8b6b-e6d1b880f108.zip [stream]
[debug] [2026-04-08T06:13:15.283Z] <<< [apiv2][status] PUT https://storage.googleapis.com/uploads-50017752491.us-central1.cloudfunctions.appspot.com/0224e52c-efc9-4908-8b6b-e6d1b880f108.zip 200
[debug] [2026-04-08T06:13:15.283Z] <<< [apiv2][body] PUT https://storage.googleapis.com/uploads-50017752491.us-central1.cloudfunctions.appspot.com/0224e52c-efc9-4908-8b6b-e6d1b880f108.zip [omitted]
[info] ✔  functions: functions source uploaded successfully 
[info] i  functions: creating Node.js 20 (1st Gen) function createUser(us-central1)... 
[debug] [2026-04-08T06:13:15.284Z] Checked if tokens are valid: true, expires at: 1775631994773
[debug] [2026-04-08T06:13:15.284Z] Checked if tokens are valid: true, expires at: 1775631994773
[debug] [2026-04-08T06:13:15.284Z] >>> [apiv2][query] POST https://cloudfunctions.googleapis.com/v1/projects/my-timeline-36b06/locations/us-central1/functions [none]
[debug] [2026-04-08T06:13:15.284Z] >>> [apiv2][body] POST https://cloudfunctions.googleapis.com/v1/projects/my-timeline-36b06/locations/us-central1/functions {"name":"projects/my-timeline-36b06/locations/us-central1/functions/createUser","sourceUploadUrl":"https://storage.googleapis.com/uploads-50017752491.us-central1.cloudfunctions.appspot.com/0224e52c-efc9-4908-8b6b-e6d1b880f108.zip?GoogleAccessId=service-848077509515@gcf-admin-robot.iam.gserviceaccount.com&Expires=1775630594&Signature=HcQ%2FSeoNgVfdQrhhWhCOBejjAycRvCWBJbfZTe4CRKdeidaFdjL%2FgIqg%2BxudFknjSA4HJ7MS7Kjv5TXQusRTe1XVcEJ1%2Bif4fLpq8vA1LUg3OesLSgMZ1wfTVBgTX5Pg63lEX6Gum2XzKbr4TfKITNe5KrmgxyP3nvFwGjzQ%2FrNXoOkflMRPpPlGahbtKiyIxGdbBkgLMRafZ4IMOjczEoKgNmjdYO0GFIW%2FLGtsWcPzxb9w19yLfhOYoz0YFROVVAXu2rsfHJ8FXy5dmoGdvapzRGdoUZ2Xg7ytXA1FXoPeA9x5HjDpTyjtCAV%2FPKdaCn1k334GErN4Tcrft2akWw%3D%3D","entryPoint":"createUser","runtime":"nodejs20","dockerRegistry":"ARTIFACT_REGISTRY","labels":{"deployment-tool":"cli-firebase","deployment-callable":"true","firebase-functions-hash":"9c9c38eeb88242c0696bb568901845d91e9b69aa"},"httpsTrigger":{"securityLevel":"SECURE_ALWAYS"},"minInstances":null,"maxInstances":null,"ingressSettings":null,"environmentVariables":{"FIREBASE_CONFIG":"{\"projectId\":\"my-timeline-36b06\",\"storageBucket\":\"my-timeline-36b06.firebasestorage.app\"}","GCLOUD_PROJECT":"my-timeline-36b06","EVENTARC_CLOUD_EVENT_SOURCE":"projects/my-timeline-36b06/locations/us-central1/functions/createUser"},"serviceAccountEmail":null,"availableMemoryMb":null,"timeout":null,"vpcConnector":null,"vpcConnectorEgressSettings":null,"buildEnvironmentVariables":{"GOOGLE_NODE_RUN_SCRIPTS":""}}
[debug] [2026-04-08T06:13:17.328Z] <<< [apiv2][status] POST https://cloudfunctions.googleapis.com/v1/projects/my-timeline-36b06/locations/us-central1/functions 400
[debug] [2026-04-08T06:13:17.328Z] <<< [apiv2][body] POST https://cloudfunctions.googleapis.com/v1/projects/my-timeline-36b06/locations/us-central1/functions {"error":{"code":400,"message":"Failed to create 1st Gen function projects/my-timeline-36b06/locations/us-central1/functions/createUser: Default service account '848077509515-compute@developer.gserviceaccount.com' doesn't exist. Please recreate this account or specify a different account. Please visit https://cloud.google.com/functions/docs/troubleshooting for in-depth troubleshooting documentation.","status":"FAILED_PRECONDITION"}}
[warn] ⚠  functions: failed to create function projects/my-timeline-36b06/locations/us-central1/functions/createUser 
[error] Failed to create function projects/my-timeline-36b06/locations/us-central1/functions/createUser
[debug] [2026-04-08T06:13:17.333Z] Total Function Deployment time: 2046
[debug] [2026-04-08T06:13:17.333Z] 1 Functions Deployed
[debug] [2026-04-08T06:13:17.333Z] 1 Functions Errored
[debug] [2026-04-08T06:13:17.333Z] 0 Function Deployments Aborted
[debug] [2026-04-08T06:13:17.334Z] Average Function Deployment time: 2045
[info] 
[info] Functions deploy had errors with the following functions:
	createUser(us-central1)
[debug] [2026-04-08T06:13:17.410Z] Checked if tokens are valid: true, expires at: 1775631994773
[debug] [2026-04-08T06:13:17.410Z] Checked if tokens are valid: true, expires at: 1775631994773
[debug] [2026-04-08T06:13:17.410Z] >>> [apiv2][query] GET https://artifactregistry.googleapis.com/v1/projects/my-timeline-36b06/locations/us-central1/repositories/gcf-artifacts [none]
[debug] [2026-04-08T06:13:18.250Z] <<< [apiv2][status] GET https://artifactregistry.googleapis.com/v1/projects/my-timeline-36b06/locations/us-central1/repositories/gcf-artifacts 404
[debug] [2026-04-08T06:13:18.250Z] <<< [apiv2][body] GET https://artifactregistry.googleapis.com/v1/projects/my-timeline-36b06/locations/us-central1/repositories/gcf-artifacts {"error":{"code":404,"message":"Requested entity was not found.","status":"NOT_FOUND"}}
[debug] [2026-04-08T06:13:18.251Z] Failed to check artifact cleanup policy for region us-central1: Request to https://artifactregistry.googleapis.com/v1/projects/my-timeline-36b06/locations/us-central1/repositories/gcf-artifacts had HTTP Error: 404, Requested entity was not found. {"name":"FirebaseError","children":[],"context":{"body":{"error":{"code":404,"message":"Requested entity was not found.","status":"NOT_FOUND"}},"response":{"statusCode":404}},"exit":1,"message":"Request to https://artifactregistry.googleapis.com/v1/projects/my-timeline-36b06/locations/us-central1/repositories/gcf-artifacts had HTTP Error: 404, Requested entity was not found.","status":404}
[debug] [2026-04-08T06:13:18.251Z] Functions deploy failed.
[debug] [2026-04-08T06:13:18.251Z] {
  "endpoint": {
    "id": "createUser",
    "project": "my-timeline-36b06",
    "region": "us-central1",
    "entryPoint": "createUser",
    "platform": "gcfv1",
    "runtime": "nodejs20",
    "callableTrigger": {},
    "labels": {
      "deployment-tool": "cli-firebase"
    },
    "serviceAccount": null,
    "ingressSettings": null,
    "availableMemoryMb": null,
    "timeoutSeconds": null,
    "maxInstances": null,
    "minInstances": null,
    "vpc": null,
    "environmentVariables": {
      "FIREBASE_CONFIG": "{\"projectId\":\"my-timeline-36b06\",\"storageBucket\":\"my-timeline-36b06.firebasestorage.app\"}",
      "GCLOUD_PROJECT": "my-timeline-36b06",
      "EVENTARC_CLOUD_EVENT_SOURCE": "projects/my-timeline-36b06/locations/us-central1/functions/createUser"
    },
    "codebase": "default",
    "targetedByOnly": false,
    "hash": "9c9c38eeb88242c0696bb568901845d91e9b69aa"
  },
  "op": "create",
  "original": {
    "name": "FirebaseError",
    "children": [],
    "context": {
      "function": "projects/my-timeline-36b06/locations/us-central1/functions/createUser"
    },
    "exit": 1,
    "message": "Failed to create function projects/my-timeline-36b06/locations/us-central1/functions/createUser",
    "original": {
      "name": "FirebaseError",
      "children": [],
      "context": {
        "body": {
          "error": {
            "code": 400,
            "message": "Failed to create 1st Gen function projects/my-timeline-36b06/locations/us-central1/functions/createUser: Default service account '848077509515-compute@developer.gserviceaccount.com' doesn't exist. Please recreate this account or specify a different account. Please visit https://cloud.google.com/functions/docs/troubleshooting for in-depth troubleshooting documentation.",
            "status": "FAILED_PRECONDITION"
          }
        },
        "response": {
          "statusCode": 400
        }
      },
      "exit": 1,
      "message": "Request to https://cloudfunctions.googleapis.com/v1/projects/my-timeline-36b06/locations/us-central1/functions had HTTP Error: 400, Failed to create 1st Gen function projects/my-timeline-36b06/locations/us-central1/functions/createUser: Default service account '848077509515-compute@developer.gserviceaccount.com' doesn't exist. Please recreate this account or specify a different account. Please visit https://cloud.google.com/functions/docs/troubleshooting for in-depth troubleshooting documentation.",
      "status": 400
    },
    "status": 400,
    "code": 400
  }
}
[debug] [2026-04-08T06:13:18.284Z] Error: Failed to create function createUser in region us-central1
    at /opt/homebrew/Cellar/firebase-cli/15.11.0/libexec/lib/node_modules/firebase-tools/lib/deploy/functions/release/fabricator.js:54:11
    at process.processTicksAndRejections (node:internal/process/task_queues:104:5)
    at async Fabricator.createV1Function (/opt/homebrew/Cellar/firebase-cli/15.11.0/libexec/lib/node_modules/firebase-tools/lib/deploy/functions/release/fabricator.js:193:32)
    at async Fabricator.createEndpoint (/opt/homebrew/Cellar/firebase-cli/15.11.0/libexec/lib/node_modules/firebase-tools/lib/deploy/functions/release/fabricator.js:136:13)
    at async handle (/opt/homebrew/Cellar/firebase-cli/15.11.0/libexec/lib/node_modules/firebase-tools/lib/deploy/functions/release/fabricator.js:91:17)
[error] 
[error] Error: There was an error deploying functions
